{"/home/mcaroh/Projects/prueba-tecnica-indra/prueba-tecnica-indra/index.js": {"path":"/home/mcaroh/Projects/prueba-tecnica-indra/prueba-tecnica-indra/index.js","statementMap":{"0":{"start":{"line":1,"column":19},"end":{"line":1,"column":45}},"1":{"start":{"line":2,"column":19},"end":{"line":2,"column":41}},"2":{"start":{"line":3,"column":16},"end":{"line":3,"column":34}},"3":{"start":{"line":5,"column":12},"end":{"line":5,"column":21}},"4":{"start":{"line":6,"column":0},"end":{"line":6,"column":42}},"5":{"start":{"line":7,"column":0},"end":{"line":7,"column":38}},"6":{"start":{"line":9,"column":0},"end":{"line":9,"column":41}},"7":{"start":{"line":10,"column":0},"end":{"line":10,"column":25}}},"fnMap":{},"branchMap":{},"s":{"0":1,"1":1,"2":1,"3":1,"4":1,"5":1,"6":1,"7":1},"f":{},"b":{},"_coverageSchema":"1a1c01bbd47fc00a2c39e90264f33305004495a9","hash":"4cf0f5cd7b701c1ef641eab8dde271560a64404f"}
,"/home/mcaroh/Projects/prueba-tecnica-indra/prueba-tecnica-indra/src/configs/db.config.js": {"path":"/home/mcaroh/Projects/prueba-tecnica-indra/prueba-tecnica-indra/src/configs/db.config.js","statementMap":{"0":{"start":{"line":1,"column":12},"end":{"line":1,"column":30}},"1":{"start":{"line":2,"column":19},"end":{"line":2,"column":41}},"2":{"start":{"line":5,"column":0},"end":{"line":12,"column":1}},"3":{"start":{"line":6,"column":2},"end":{"line":9,"column":5}},"4":{"start":{"line":11,"column":2},"end":{"line":11,"column":47}},"5":{"start":{"line":13,"column":0},"end":{"line":13,"column":26}}},"fnMap":{},"branchMap":{"0":{"loc":{"start":{"line":5,"column":0},"end":{"line":12,"column":1}},"type":"if","locations":[{"start":{"line":5,"column":0},"end":{"line":12,"column":1}},{"start":{"line":10,"column":7},"end":{"line":12,"column":1}}],"line":5}},"s":{"0":1,"1":1,"2":1,"3":0,"4":1,"5":1},"f":{},"b":{"0":[0,1]},"_coverageSchema":"1a1c01bbd47fc00a2c39e90264f33305004495a9","hash":"99805287e60aa84b521600792c66e280ffeefb84"}
,"/home/mcaroh/Projects/prueba-tecnica-indra/prueba-tecnica-indra/src/controllers/starships.controller.js": {"path":"/home/mcaroh/Projects/prueba-tecnica-indra/prueba-tecnica-indra/src/controllers/starships.controller.js","statementMap":{"0":{"start":{"line":1,"column":24},"end":{"line":1,"column":66}},"1":{"start":{"line":6,"column":4},"end":{"line":11,"column":5}},"2":{"start":{"line":7,"column":8},"end":{"line":7,"column":49}},"3":{"start":{"line":9,"column":8},"end":{"line":9,"column":61}},"4":{"start":{"line":10,"column":8},"end":{"line":10,"column":18}},"5":{"start":{"line":21,"column":4},"end":{"line":26,"column":5}},"6":{"start":{"line":22,"column":8},"end":{"line":22,"column":60}},"7":{"start":{"line":24,"column":8},"end":{"line":24,"column":61}},"8":{"start":{"line":25,"column":8},"end":{"line":25,"column":18}},"9":{"start":{"line":40,"column":4},"end":{"line":45,"column":5}},"10":{"start":{"line":41,"column":6},"end":{"line":41,"column":64}},"11":{"start":{"line":43,"column":6},"end":{"line":43,"column":60}},"12":{"start":{"line":44,"column":6},"end":{"line":44,"column":16}},"13":{"start":{"line":49,"column":0},"end":{"line":49,"column":42}}},"fnMap":{"0":{"name":"(anonymous_0)","decl":{"start":{"line":4,"column":2},"end":{"line":4,"column":3}},"loc":{"start":{"line":4,"column":31},"end":{"line":12,"column":3}},"line":4},"1":{"name":"(anonymous_1)","decl":{"start":{"line":14,"column":2},"end":{"line":14,"column":3}},"loc":{"start":{"line":14,"column":32},"end":{"line":27,"column":3}},"line":14},"2":{"name":"(anonymous_2)","decl":{"start":{"line":29,"column":2},"end":{"line":29,"column":3}},"loc":{"start":{"line":29,"column":33},"end":{"line":46,"column":3}},"line":29}},"branchMap":{},"s":{"0":1,"1":2,"2":2,"3":1,"4":1,"5":2,"6":2,"7":1,"8":1,"9":2,"10":2,"11":1,"12":1,"13":1},"f":{"0":2,"1":2,"2":2},"b":{},"_coverageSchema":"1a1c01bbd47fc00a2c39e90264f33305004495a9","hash":"45ea88f12150fd1737f6796f86f1323533fcf5a3"}
,"/home/mcaroh/Projects/prueba-tecnica-indra/prueba-tecnica-indra/src/errors/baseError.js": {"path":"/home/mcaroh/Projects/prueba-tecnica-indra/prueba-tecnica-indra/src/errors/baseError.js","statementMap":{"0":{"start":{"line":3,"column":4},"end":{"line":3,"column":22}},"1":{"start":{"line":5,"column":4},"end":{"line":5,"column":53}},"2":{"start":{"line":6,"column":4},"end":{"line":6,"column":20}},"3":{"start":{"line":7,"column":4},"end":{"line":7,"column":32}},"4":{"start":{"line":8,"column":4},"end":{"line":8,"column":38}},"5":{"start":{"line":9,"column":4},"end":{"line":9,"column":33}},"6":{"start":{"line":13,"column":1},"end":{"line":13,"column":27}}},"fnMap":{"0":{"name":"(anonymous_0)","decl":{"start":{"line":2,"column":2},"end":{"line":2,"column":3}},"loc":{"start":{"line":2,"column":61},"end":{"line":10,"column":3}},"line":2}},"branchMap":{},"s":{"0":3,"1":3,"2":3,"3":3,"4":3,"5":3,"6":1},"f":{"0":3},"b":{},"_coverageSchema":"1a1c01bbd47fc00a2c39e90264f33305004495a9","hash":"9d8d7c9097cf9ec26dc6671d27300f5989870dc5"}
,"/home/mcaroh/Projects/prueba-tecnica-indra/prueba-tecnica-indra/src/errors/errors.js": {"path":"/home/mcaroh/Projects/prueba-tecnica-indra/prueba-tecnica-indra/src/errors/errors.js","statementMap":{"0":{"start":{"line":1,"column":18},"end":{"line":1,"column":43}},"1":{"start":{"line":2,"column":24},"end":{"line":2,"column":68}},"2":{"start":{"line":11,"column":4},"end":{"line":11,"column":55}},"3":{"start":{"line":22,"column":4},"end":{"line":22,"column":55}},"4":{"start":{"line":33,"column":4},"end":{"line":33,"column":55}},"5":{"start":{"line":44,"column":4},"end":{"line":44,"column":55}},"6":{"start":{"line":48,"column":0},"end":{"line":53,"column":1}}},"fnMap":{"0":{"name":"(anonymous_0)","decl":{"start":{"line":5,"column":2},"end":{"line":5,"column":3}},"loc":{"start":{"line":10,"column":4},"end":{"line":12,"column":3}},"line":10},"1":{"name":"(anonymous_1)","decl":{"start":{"line":16,"column":2},"end":{"line":16,"column":3}},"loc":{"start":{"line":21,"column":4},"end":{"line":23,"column":3}},"line":21},"2":{"name":"(anonymous_2)","decl":{"start":{"line":27,"column":2},"end":{"line":27,"column":3}},"loc":{"start":{"line":32,"column":4},"end":{"line":34,"column":3}},"line":32},"3":{"name":"(anonymous_3)","decl":{"start":{"line":38,"column":2},"end":{"line":38,"column":3}},"loc":{"start":{"line":43,"column":4},"end":{"line":45,"column":3}},"line":43}},"branchMap":{"0":{"loc":{"start":{"line":7,"column":4},"end":{"line":7,"column":48}},"type":"default-arg","locations":[{"start":{"line":7,"column":17},"end":{"line":7,"column":48}}],"line":7},"1":{"loc":{"start":{"line":8,"column":4},"end":{"line":8,"column":40}},"type":"default-arg","locations":[{"start":{"line":8,"column":18},"end":{"line":8,"column":40}}],"line":8},"2":{"loc":{"start":{"line":9,"column":4},"end":{"line":9,"column":24}},"type":"default-arg","locations":[{"start":{"line":9,"column":20},"end":{"line":9,"column":24}}],"line":9},"3":{"loc":{"start":{"line":18,"column":4},"end":{"line":18,"column":42}},"type":"default-arg","locations":[{"start":{"line":18,"column":17},"end":{"line":18,"column":42}}],"line":18},"4":{"loc":{"start":{"line":19,"column":4},"end":{"line":19,"column":30}},"type":"default-arg","locations":[{"start":{"line":19,"column":18},"end":{"line":19,"column":30}}],"line":19},"5":{"loc":{"start":{"line":20,"column":4},"end":{"line":20,"column":24}},"type":"default-arg","locations":[{"start":{"line":20,"column":20},"end":{"line":20,"column":24}}],"line":20},"6":{"loc":{"start":{"line":29,"column":4},"end":{"line":29,"column":44}},"type":"default-arg","locations":[{"start":{"line":29,"column":17},"end":{"line":29,"column":44}}],"line":29},"7":{"loc":{"start":{"line":30,"column":4},"end":{"line":30,"column":34}},"type":"default-arg","locations":[{"start":{"line":30,"column":18},"end":{"line":30,"column":34}}],"line":30},"8":{"loc":{"start":{"line":31,"column":4},"end":{"line":31,"column":24}},"type":"default-arg","locations":[{"start":{"line":31,"column":20},"end":{"line":31,"column":24}}],"line":31},"9":{"loc":{"start":{"line":40,"column":4},"end":{"line":40,"column":48}},"type":"default-arg","locations":[{"start":{"line":40,"column":17},"end":{"line":40,"column":48}}],"line":40},"10":{"loc":{"start":{"line":41,"column":4},"end":{"line":41,"column":41}},"type":"default-arg","locations":[{"start":{"line":41,"column":18},"end":{"line":41,"column":41}}],"line":41},"11":{"loc":{"start":{"line":42,"column":4},"end":{"line":42,"column":24}},"type":"default-arg","locations":[{"start":{"line":42,"column":20},"end":{"line":42,"column":24}}],"line":42}},"s":{"0":1,"1":1,"2":1,"3":1,"4":1,"5":0,"6":1},"f":{"0":1,"1":1,"2":1,"3":0},"b":{"0":[1],"1":[1],"2":[1],"3":[1],"4":[1],"5":[1],"6":[1],"7":[1],"8":[1],"9":[0],"10":[0],"11":[0]},"_coverageSchema":"1a1c01bbd47fc00a2c39e90264f33305004495a9","hash":"c48d936dd73cd4924bdf5a31be55bc29595a2bab"}
,"/home/mcaroh/Projects/prueba-tecnica-indra/prueba-tecnica-indra/src/models/starship.model.js": {"path":"/home/mcaroh/Projects/prueba-tecnica-indra/prueba-tecnica-indra/src/models/starship.model.js","statementMap":{"0":{"start":{"line":4,"column":4},"end":{"line":4,"column":26}},"1":{"start":{"line":5,"column":4},"end":{"line":5,"column":32}},"2":{"start":{"line":6,"column":4},"end":{"line":6,"column":33}},"3":{"start":{"line":7,"column":4},"end":{"line":7,"column":44}},"4":{"start":{"line":8,"column":4},"end":{"line":8,"column":44}},"5":{"start":{"line":9,"column":4},"end":{"line":9,"column":42}},"6":{"start":{"line":10,"column":4},"end":{"line":10,"column":34}},"7":{"start":{"line":11,"column":4},"end":{"line":11,"column":46}},"8":{"start":{"line":12,"column":4},"end":{"line":12,"column":46}},"9":{"start":{"line":13,"column":4},"end":{"line":13,"column":59}},"10":{"start":{"line":14,"column":4},"end":{"line":14,"column":48}},"11":{"start":{"line":15,"column":4},"end":{"line":15,"column":42}},"12":{"start":{"line":16,"column":4},"end":{"line":16,"column":46}},"13":{"start":{"line":17,"column":4},"end":{"line":17,"column":44}},"14":{"start":{"line":18,"column":4},"end":{"line":18,"column":36}},"15":{"start":{"line":19,"column":4},"end":{"line":19,"column":35}},"16":{"start":{"line":20,"column":4},"end":{"line":20,"column":28}},"17":{"start":{"line":21,"column":4},"end":{"line":21,"column":42}},"18":{"start":{"line":22,"column":4},"end":{"line":22,"column":45}},"19":{"start":{"line":26,"column":0},"end":{"line":26,"column":30}}},"fnMap":{"0":{"name":"(anonymous_0)","decl":{"start":{"line":3,"column":2},"end":{"line":3,"column":3}},"loc":{"start":{"line":3,"column":24},"end":{"line":23,"column":3}},"line":3}},"branchMap":{},"s":{"0":1,"1":1,"2":1,"3":1,"4":1,"5":1,"6":1,"7":1,"8":1,"9":1,"10":1,"11":1,"12":1,"13":1,"14":1,"15":1,"16":1,"17":1,"18":1,"19":1},"f":{"0":1},"b":{},"_coverageSchema":"1a1c01bbd47fc00a2c39e90264f33305004495a9","hash":"3ceeac797a65c2ede67fecebe21933143cdfacc0"}
,"/home/mcaroh/Projects/prueba-tecnica-indra/prueba-tecnica-indra/src/providers/starship.provider.js": {"path":"/home/mcaroh/Projects/prueba-tecnica-indra/prueba-tecnica-indra/src/providers/starship.provider.js","statementMap":{"0":{"start":{"line":1,"column":21},"end":{"line":1,"column":55}},"1":{"start":{"line":2,"column":15},"end":{"line":2,"column":45}},"2":{"start":{"line":4,"column":33},"end":{"line":4,"column":44}},"3":{"start":{"line":7,"column":17},"end":{"line":9,"column":3}},"4":{"start":{"line":10,"column":2},"end":{"line":15,"column":3}},"5":{"start":{"line":11,"column":21},"end":{"line":11,"column":62}},"6":{"start":{"line":12,"column":4},"end":{"line":12,"column":37}},"7":{"start":{"line":14,"column":4},"end":{"line":14,"column":41}},"8":{"start":{"line":19,"column":19},"end":{"line":19,"column":23}},"9":{"start":{"line":20,"column":2},"end":{"line":32,"column":3}},"10":{"start":{"line":21,"column":29},"end":{"line":21,"column":99}},"11":{"start":{"line":22,"column":19},"end":{"line":28,"column":5}},"12":{"start":{"line":29,"column":4},"end":{"line":29,"column":59}},"13":{"start":{"line":31,"column":4},"end":{"line":31,"column":51}},"14":{"start":{"line":33,"column":2},"end":{"line":33,"column":44}},"15":{"start":{"line":33,"column":32},"end":{"line":33,"column":44}},"16":{"start":{"line":34,"column":2},"end":{"line":34,"column":29}},"17":{"start":{"line":38,"column":2},"end":{"line":47,"column":3}},"18":{"start":{"line":39,"column":19},"end":{"line":42,"column":5}},"19":{"start":{"line":43,"column":4},"end":{"line":43,"column":45}},"20":{"start":{"line":45,"column":4},"end":{"line":45,"column":59}},"21":{"start":{"line":46,"column":4},"end":{"line":46,"column":15}},"22":{"start":{"line":50,"column":0},"end":{"line":54,"column":1}}},"fnMap":{"0":{"name":"getAllStarships","decl":{"start":{"line":6,"column":15},"end":{"line":6,"column":30}},"loc":{"start":{"line":6,"column":33},"end":{"line":16,"column":1}},"line":6},"1":{"name":"getStarshipById","decl":{"start":{"line":18,"column":15},"end":{"line":18,"column":30}},"loc":{"start":{"line":18,"column":43},"end":{"line":35,"column":1}},"line":18},"2":{"name":"insertstarship","decl":{"start":{"line":37,"column":15},"end":{"line":37,"column":29}},"loc":{"start":{"line":37,"column":45},"end":{"line":48,"column":1}},"line":37}},"branchMap":{"0":{"loc":{"start":{"line":21,"column":29},"end":{"line":21,"column":99}},"type":"cond-expr","locations":[{"start":{"line":21,"column":62},"end":{"line":21,"column":72}},{"start":{"line":21,"column":75},"end":{"line":21,"column":99}}],"line":21},"1":{"loc":{"start":{"line":33,"column":2},"end":{"line":33,"column":44}},"type":"if","locations":[{"start":{"line":33,"column":2},"end":{"line":33,"column":44}},{"start":{},"end":{}}],"line":33}},"s":{"0":1,"1":1,"2":1,"3":2,"4":2,"5":2,"6":2,"7":1,"8":4,"9":4,"10":4,"11":4,"12":4,"13":0,"14":4,"15":2,"16":2,"17":1,"18":1,"19":1,"20":0,"21":0,"22":1},"f":{"0":2,"1":4,"2":1},"b":{"0":[2,2],"1":[2,2]},"_coverageSchema":"1a1c01bbd47fc00a2c39e90264f33305004495a9","hash":"d94abc4be3075e7ea7b17fce5fa01c02f16f59e6"}
,"/home/mcaroh/Projects/prueba-tecnica-indra/prueba-tecnica-indra/src/providers/swapi.provider.js": {"path":"/home/mcaroh/Projects/prueba-tecnica-indra/prueba-tecnica-indra/src/providers/swapi.provider.js","statementMap":{"0":{"start":{"line":1,"column":14},"end":{"line":1,"column":30}},"1":{"start":{"line":2,"column":15},"end":{"line":2,"column":45}},"2":{"start":{"line":3,"column":22},"end":{"line":3,"column":33}},"3":{"start":{"line":5,"column":21},"end":{"line":5,"column":45}},"4":{"start":{"line":8,"column":20},"end":{"line":8,"column":24}},"5":{"start":{"line":9,"column":2},"end":{"line":16,"column":3}},"6":{"start":{"line":10,"column":27},"end":{"line":10,"column":58}},"7":{"start":{"line":11,"column":21},"end":{"line":11,"column":52}},"8":{"start":{"line":12,"column":4},"end":{"line":12,"column":23}},"9":{"start":{"line":14,"column":4},"end":{"line":14,"column":64}},"10":{"start":{"line":15,"column":4},"end":{"line":15,"column":57}},"11":{"start":{"line":17,"column":2},"end":{"line":17,"column":21}},"12":{"start":{"line":20,"column":0},"end":{"line":22,"column":1}}},"fnMap":{"0":{"name":"getStarshipById","decl":{"start":{"line":7,"column":15},"end":{"line":7,"column":30}},"loc":{"start":{"line":7,"column":43},"end":{"line":18,"column":1}},"line":7}},"branchMap":{},"s":{"0":1,"1":1,"2":1,"3":1,"4":1,"5":1,"6":1,"7":1,"8":1,"9":0,"10":0,"11":1,"12":1},"f":{"0":1},"b":{},"_coverageSchema":"1a1c01bbd47fc00a2c39e90264f33305004495a9","hash":"8cd503f6be08dbb5190f0deefce1bc7f19aec566"}
,"/home/mcaroh/Projects/prueba-tecnica-indra/prueba-tecnica-indra/src/routes/index.js": {"path":"/home/mcaroh/Projects/prueba-tecnica-indra/prueba-tecnica-indra/src/routes/index.js","statementMap":{"0":{"start":{"line":1,"column":24},"end":{"line":1,"column":56}},"1":{"start":{"line":3,"column":0},"end":{"line":5,"column":2}},"2":{"start":{"line":4,"column":2},"end":{"line":4,"column":41}}},"fnMap":{"0":{"name":"(anonymous_0)","decl":{"start":{"line":3,"column":17},"end":{"line":3,"column":18}},"loc":{"start":{"line":3,"column":26},"end":{"line":5,"column":1}},"line":3}},"branchMap":{},"s":{"0":1,"1":1,"2":1},"f":{"0":1},"b":{},"_coverageSchema":"1a1c01bbd47fc00a2c39e90264f33305004495a9","hash":"d8b5d70b26ed544ea8912a344c6af8b76610e303"}
,"/home/mcaroh/Projects/prueba-tecnica-indra/prueba-tecnica-indra/src/routes/starships.routes.js": {"path":"/home/mcaroh/Projects/prueba-tecnica-indra/prueba-tecnica-indra/src/routes/starships.routes.js","statementMap":{"0":{"start":{"line":1,"column":16},"end":{"line":1,"column":34}},"1":{"start":{"line":2,"column":28},"end":{"line":2,"column":77}},"2":{"start":{"line":3,"column":15},"end":{"line":3,"column":31}},"3":{"start":{"line":6,"column":0},"end":{"line":6,"column":44}},"4":{"start":{"line":9,"column":0},"end":{"line":9,"column":56}},"5":{"start":{"line":12,"column":0},"end":{"line":12,"column":55}},"6":{"start":{"line":14,"column":0},"end":{"line":14,"column":24}}},"fnMap":{},"branchMap":{},"s":{"0":1,"1":1,"2":1,"3":1,"4":1,"5":1,"6":1},"f":{},"b":{},"_coverageSchema":"1a1c01bbd47fc00a2c39e90264f33305004495a9","hash":"7d34f7ca9c19b73674cc12e6da2ba652c06e8a02"}
,"/home/mcaroh/Projects/prueba-tecnica-indra/prueba-tecnica-indra/src/services/starship.service.js": {"path":"/home/mcaroh/Projects/prueba-tecnica-indra/prueba-tecnica-indra/src/services/starship.service.js","statementMap":{"0":{"start":{"line":1,"column":21},"end":{"line":1,"column":59}},"1":{"start":{"line":2,"column":15},"end":{"line":2,"column":45}},"2":{"start":{"line":3,"column":27},"end":{"line":3,"column":71}},"3":{"start":{"line":4,"column":22},"end":{"line":4,"column":63}},"4":{"start":{"line":6,"column":20},"end":{"line":6,"column":31}},"5":{"start":{"line":11,"column":4},"end":{"line":11,"column":48}},"6":{"start":{"line":15,"column":27},"end":{"line":15,"column":34}},"7":{"start":{"line":17,"column":27},"end":{"line":17,"column":79}},"8":{"start":{"line":19,"column":4},"end":{"line":19,"column":72}},"9":{"start":{"line":19,"column":24},"end":{"line":19,"column":72}},"10":{"start":{"line":20,"column":4},"end":{"line":20,"column":25}},"11":{"start":{"line":24,"column":27},"end":{"line":24,"column":34}},"12":{"start":{"line":27,"column":21},"end":{"line":27,"column":73}},"13":{"start":{"line":28,"column":4},"end":{"line":28,"column":70}},"14":{"start":{"line":28,"column":18},"end":{"line":28,"column":70}},"15":{"start":{"line":31,"column":24},"end":{"line":31,"column":71}},"16":{"start":{"line":34,"column":26},"end":{"line":34,"column":78}},"17":{"start":{"line":35,"column":4},"end":{"line":35,"column":59}},"18":{"start":{"line":38,"column":4},"end":{"line":38,"column":25}},"19":{"start":{"line":42,"column":0},"end":{"line":42,"column":39}}},"fnMap":{"0":{"name":"(anonymous_0)","decl":{"start":{"line":9,"column":2},"end":{"line":9,"column":3}},"loc":{"start":{"line":9,"column":17},"end":{"line":12,"column":3}},"line":9},"1":{"name":"(anonymous_1)","decl":{"start":{"line":14,"column":2},"end":{"line":14,"column":3}},"loc":{"start":{"line":14,"column":25},"end":{"line":21,"column":3}},"line":14},"2":{"name":"(anonymous_2)","decl":{"start":{"line":23,"column":2},"end":{"line":23,"column":3}},"loc":{"start":{"line":23,"column":33},"end":{"line":39,"column":3}},"line":23}},"branchMap":{"0":{"loc":{"start":{"line":19,"column":4},"end":{"line":19,"column":72}},"type":"if","locations":[{"start":{"line":19,"column":4},"end":{"line":19,"column":72}},{"start":{},"end":{}}],"line":19},"1":{"loc":{"start":{"line":28,"column":4},"end":{"line":28,"column":70}},"type":"if","locations":[{"start":{"line":28,"column":4},"end":{"line":28,"column":70}},{"start":{},"end":{}}],"line":28}},"s":{"0":1,"1":1,"2":1,"3":1,"4":1,"5":2,"6":2,"7":2,"8":2,"9":1,"10":1,"11":2,"12":2,"13":2,"14":1,"15":1,"16":1,"17":1,"18":1,"19":1},"f":{"0":2,"1":2,"2":2},"b":{"0":[1,1],"1":[1,1]},"_coverageSchema":"1a1c01bbd47fc00a2c39e90264f33305004495a9","hash":"4a7fd5f39f9a188b36bdccc31db58969a09d54f3"}
,"/home/mcaroh/Projects/prueba-tecnica-indra/prueba-tecnica-indra/src/utils/httpStatusCodes.utils.js": {"path":"/home/mcaroh/Projects/prueba-tecnica-indra/prueba-tecnica-indra/src/utils/httpStatusCodes.utils.js","statementMap":{"0":{"start":{"line":1,"column":24},"end":{"line":6,"column":2}},"1":{"start":{"line":8,"column":1},"end":{"line":8,"column":33}}},"fnMap":{},"branchMap":{},"s":{"0":1,"1":1},"f":{},"b":{},"_coverageSchema":"1a1c01bbd47fc00a2c39e90264f33305004495a9","hash":"42c397c15ed61f8312b37a2792c4835aba84ce4e"}
,"/home/mcaroh/Projects/prueba-tecnica-indra/prueba-tecnica-indra/test/starships.mocks.js": {"path":"/home/mcaroh/Projects/prueba-tecnica-indra/prueba-tecnica-indra/test/starships.mocks.js","statementMap":{"0":{"start":{"line":1,"column":0},"end":{"line":18,"column":3}},"1":{"start":{"line":2,"column":23},"end":{"line":11,"column":3}},"2":{"start":{"line":4,"column":18},"end":{"line":4,"column":38}},"3":{"start":{"line":5,"column":38},"end":{"line":5,"column":68}},"4":{"start":{"line":6,"column":38},"end":{"line":6,"column":67}},"5":{"start":{"line":7,"column":38},"end":{"line":7,"column":58}},"6":{"start":{"line":9,"column":38},"end":{"line":9,"column":58}},"7":{"start":{"line":10,"column":38},"end":{"line":10,"column":67}},"8":{"start":{"line":12,"column":22},"end":{"line":14,"column":3}},"9":{"start":{"line":13,"column":29},"end":{"line":13,"column":49}},"10":{"start":{"line":15,"column":26},"end":{"line":15,"column":96}},"11":{"start":{"line":15,"column":47},"end":{"line":15,"column":58}},"12":{"start":{"line":15,"column":81},"end":{"line":15,"column":93}},"13":{"start":{"line":16,"column":20},"end":{"line":16,"column":70}},"14":{"start":{"line":16,"column":52},"end":{"line":16,"column":67}},"15":{"start":{"line":17,"column":2},"end":{"line":17,"column":33}},"16":{"start":{"line":20,"column":0},"end":{"line":20,"column":19}}},"fnMap":{"0":{"name":"(anonymous_0)","decl":{"start":{"line":1,"column":21},"end":{"line":1,"column":22}},"loc":{"start":{"line":1,"column":27},"end":{"line":18,"column":1}},"line":1},"1":{"name":"(anonymous_1)","decl":{"start":{"line":4,"column":10},"end":{"line":4,"column":11}},"loc":{"start":{"line":4,"column":16},"end":{"line":4,"column":40}},"line":4},"2":{"name":"(anonymous_2)","decl":{"start":{"line":5,"column":30},"end":{"line":5,"column":31}},"loc":{"start":{"line":5,"column":36},"end":{"line":5,"column":70}},"line":5},"3":{"name":"(anonymous_3)","decl":{"start":{"line":6,"column":30},"end":{"line":6,"column":31}},"loc":{"start":{"line":6,"column":36},"end":{"line":6,"column":69}},"line":6},"4":{"name":"(anonymous_4)","decl":{"start":{"line":7,"column":30},"end":{"line":7,"column":31}},"loc":{"start":{"line":7,"column":36},"end":{"line":7,"column":60}},"line":7},"5":{"name":"(anonymous_5)","decl":{"start":{"line":8,"column":30},"end":{"line":8,"column":31}},"loc":{"start":{"line":8,"column":36},"end":{"line":8,"column":38}},"line":8},"6":{"name":"(anonymous_6)","decl":{"start":{"line":9,"column":30},"end":{"line":9,"column":31}},"loc":{"start":{"line":9,"column":36},"end":{"line":9,"column":60}},"line":9},"7":{"name":"(anonymous_7)","decl":{"start":{"line":10,"column":30},"end":{"line":10,"column":31}},"loc":{"start":{"line":10,"column":36},"end":{"line":10,"column":69}},"line":10},"8":{"name":"(anonymous_8)","decl":{"start":{"line":13,"column":21},"end":{"line":13,"column":22}},"loc":{"start":{"line":13,"column":27},"end":{"line":13,"column":51}},"line":13},"9":{"name":"(anonymous_9)","decl":{"start":{"line":15,"column":41},"end":{"line":15,"column":42}},"loc":{"start":{"line":15,"column":47},"end":{"line":15,"column":58}},"line":15},"10":{"name":"(anonymous_10)","decl":{"start":{"line":15,"column":75},"end":{"line":15,"column":76}},"loc":{"start":{"line":15,"column":81},"end":{"line":15,"column":93}},"line":15},"11":{"name":"(anonymous_11)","decl":{"start":{"line":16,"column":46},"end":{"line":16,"column":47}},"loc":{"start":{"line":16,"column":52},"end":{"line":16,"column":67}},"line":16}},"branchMap":{},"s":{"0":1,"1":1,"2":0,"3":1,"4":1,"5":1,"6":1,"7":1,"8":1,"9":1,"10":1,"11":1,"12":6,"13":1,"14":1,"15":1,"16":1},"f":{"0":1,"1":0,"2":1,"3":1,"4":1,"5":1,"6":1,"7":1,"8":1,"9":1,"10":6,"11":1},"b":{},"_coverageSchema":"1a1c01bbd47fc00a2c39e90264f33305004495a9","hash":"408af46a02b05c307949e937ce7f6b420f57dc8c"}
}
