TN:
SF:index.js
FNF:0
FNH:0
DA:1,1
DA:2,1
DA:3,1
DA:5,1
DA:6,1
DA:7,1
DA:9,1
DA:10,1
LF:8
LH:8
BRF:0
BRH:0
end_of_record
TN:
SF:src/configs/db.config.js
FNF:0
FNH:0
DA:1,1
DA:2,1
DA:5,1
DA:6,0
DA:11,1
DA:13,1
LF:6
LH:5
BRDA:5,0,0,0
BRDA:5,0,1,1
BRF:2
BRH:1
end_of_record
TN:
SF:src/controllers/starships.controller.js
FN:4,(anonymous_0)
FN:14,(anonymous_1)
FN:29,(anonymous_2)
FNF:3
FNH:3
FNDA:2,(anonymous_0)
FNDA:2,(anonymous_1)
FNDA:2,(anonymous_2)
DA:1,1
DA:6,2
DA:7,2
DA:9,1
DA:10,1
DA:21,2
DA:22,2
DA:24,1
DA:25,1
DA:40,2
DA:41,2
DA:43,1
DA:44,1
DA:49,1
LF:14
LH:14
BRF:0
BRH:0
end_of_record
TN:
SF:src/errors/baseError.js
FN:2,(anonymous_0)
FNF:1
FNH:1
FNDA:3,(anonymous_0)
DA:3,3
DA:5,3
DA:6,3
DA:7,3
DA:8,3
DA:9,3
DA:13,1
LF:7
LH:7
BRF:0
BRH:0
end_of_record
TN:
SF:src/errors/errors.js
FN:5,(anonymous_0)
FN:16,(anonymous_1)
FN:27,(anonymous_2)
FN:38,(anonymous_3)
FNF:4
FNH:3
FNDA:1,(anonymous_0)
FNDA:1,(anonymous_1)
FNDA:1,(anonymous_2)
FNDA:0,(anonymous_3)
DA:1,1
DA:2,1
DA:11,1
DA:22,1
DA:33,1
DA:44,0
DA:48,1
LF:7
LH:6
BRDA:7,0,0,1
BRDA:8,1,0,1
BRDA:9,2,0,1
BRDA:18,3,0,1
BRDA:19,4,0,1
BRDA:20,5,0,1
BRDA:29,6,0,1
BRDA:30,7,0,1
BRDA:31,8,0,1
BRDA:40,9,0,0
BRDA:41,10,0,0
BRDA:42,11,0,0
BRF:12
BRH:9
end_of_record
TN:
SF:src/middlewares/starship.middleware.js
FN:18,(anonymous_0)
FN:19,(anonymous_1)
FNF:2
FNH:2
FNDA:2,(anonymous_0)
FNDA:4,(anonymous_1)
DA:1,1
DA:2,1
DA:4,1
DA:8,1
DA:13,1
DA:18,1
DA:19,2
DA:20,4
DA:21,4
DA:22,4
DA:23,4
DA:24,4
DA:26,0
LF:13
LH:12
BRDA:20,0,0,2
BRDA:20,0,1,2
BRF:2
BRH:2
end_of_record
TN:
SF:src/models/starship.model.js
FN:3,(anonymous_0)
FNF:1
FNH:1
FNDA:1,(anonymous_0)
DA:4,1
DA:5,1
DA:6,1
DA:7,1
DA:8,1
DA:9,1
DA:10,1
DA:11,1
DA:12,1
DA:13,1
DA:14,1
DA:15,1
DA:16,1
DA:17,1
DA:18,1
DA:19,1
DA:20,1
DA:21,1
DA:22,1
DA:26,1
LF:20
LH:20
BRF:0
BRH:0
end_of_record
TN:
SF:src/providers/starship.provider.js
FN:6,getAllStarships
FN:18,getStarshipById
FN:37,insertstarship
FNF:3
FNH:3
FNDA:2,getAllStarships
FNDA:4,getStarshipById
FNDA:1,insertstarship
DA:1,1
DA:2,1
DA:4,1
DA:7,2
DA:10,2
DA:11,2
DA:12,2
DA:14,1
DA:19,4
DA:20,4
DA:21,4
DA:22,4
DA:29,4
DA:31,0
DA:33,4
DA:34,2
DA:38,1
DA:39,1
DA:43,1
DA:45,0
DA:46,0
DA:50,1
LF:22
LH:19
BRDA:21,0,0,2
BRDA:21,0,1,2
BRDA:33,1,0,2
BRDA:33,1,1,2
BRF:4
BRH:4
end_of_record
TN:
SF:src/providers/swapi.provider.js
FN:7,getStarshipById
FNF:1
FNH:1
FNDA:1,getStarshipById
DA:1,1
DA:2,1
DA:3,1
DA:5,1
DA:8,1
DA:9,1
DA:10,1
DA:11,1
DA:12,1
DA:14,0
DA:15,0
DA:17,1
DA:20,1
LF:13
LH:11
BRF:0
BRH:0
end_of_record
TN:
SF:src/routes/index.js
FN:3,(anonymous_0)
FNF:1
FNH:1
FNDA:1,(anonymous_0)
DA:1,1
DA:3,1
DA:4,1
LF:3
LH:3
BRF:0
BRH:0
end_of_record
TN:
SF:src/routes/starships.routes.js
FNF:0
FNH:0
DA:1,1
DA:2,1
DA:3,1
DA:4,1
DA:7,1
DA:10,1
DA:13,1
DA:15,1
LF:8
LH:8
BRF:0
BRH:0
end_of_record
TN:
SF:src/services/starship.service.js
FN:9,(anonymous_0)
FN:14,(anonymous_1)
FN:23,(anonymous_2)
FNF:3
FNH:3
FNDA:2,(anonymous_0)
FNDA:2,(anonymous_1)
FNDA:2,(anonymous_2)
DA:1,1
DA:2,1
DA:3,1
DA:4,1
DA:6,1
DA:11,2
DA:15,2
DA:17,2
DA:19,2
DA:20,1
DA:24,2
DA:27,2
DA:28,2
DA:31,1
DA:34,1
DA:35,1
DA:38,1
DA:42,1
LF:18
LH:18
BRDA:19,0,0,1
BRDA:19,0,1,1
BRDA:28,1,0,1
BRDA:28,1,1,1
BRF:4
BRH:4
end_of_record
TN:
SF:src/utils/httpStatusCodes.utils.js
FNF:0
FNH:0
DA:1,1
DA:8,1
LF:2
LH:2
BRF:0
BRH:0
end_of_record
TN:
SF:test/starships.mocks.js
FN:1,(anonymous_0)
FN:4,(anonymous_1)
FN:5,(anonymous_2)
FN:6,(anonymous_3)
FN:7,(anonymous_4)
FN:8,(anonymous_5)
FN:9,(anonymous_6)
FN:10,(anonymous_7)
FN:13,(anonymous_8)
FN:15,(anonymous_9)
FN:15,(anonymous_10)
FN:16,(anonymous_11)
FNF:12
FNH:11
FNDA:1,(anonymous_0)
FNDA:0,(anonymous_1)
FNDA:1,(anonymous_2)
FNDA:1,(anonymous_3)
FNDA:1,(anonymous_4)
FNDA:1,(anonymous_5)
FNDA:1,(anonymous_6)
FNDA:1,(anonymous_7)
FNDA:1,(anonymous_8)
FNDA:1,(anonymous_9)
FNDA:6,(anonymous_10)
FNDA:1,(anonymous_11)
DA:1,1
DA:2,1
DA:4,0
DA:5,1
DA:6,1
DA:7,1
DA:9,1
DA:10,1
DA:12,1
DA:13,1
DA:15,6
DA:16,1
DA:17,1
DA:20,1
LF:14
LH:13
BRF:0
BRH:0
end_of_record
